{"/Users/mookar/Documents/ReactCourse/react_course/src/actions.js": {"path":"/Users/mookar/Documents/ReactCourse/react_course/src/actions.js","statementMap":{"0":{"start":{"line":14,"column":4},"end":{"line":30,"column":6}},"1":{"start":{"line":15,"column":8},"end":{"line":29,"column":15}},"2":{"start":{"line":16,"column":28},"end":{"line":16,"column":39}},"3":{"start":{"line":18,"column":16},"end":{"line":18,"column":51}},"4":{"start":{"line":19,"column":16},"end":{"line":28,"column":18}},"5":{"start":{"line":23,"column":48},"end":{"line":23,"column":72}},"6":{"start":{"line":34,"column":4},"end":{"line":34,"column":42}},"7":{"start":{"line":37,"column":4},"end":{"line":37,"column":46}},"8":{"start":{"line":40,"column":4},"end":{"line":40,"column":49}},"9":{"start":{"line":43,"column":4},"end":{"line":43,"column":35}},"10":{"start":{"line":47,"column":4},"end":{"line":47,"column":44}},"11":{"start":{"line":51,"column":4},"end":{"line":51,"column":41}},"12":{"start":{"line":59,"column":4},"end":{"line":59,"column":44}},"13":{"start":{"line":62,"column":4},"end":{"line":62,"column":41}},"14":{"start":{"line":65,"column":4},"end":{"line":65,"column":43}}},"fnMap":{"0":{"name":"loadMoviesList","decl":{"start":{"line":13,"column":16},"end":{"line":13,"column":30}},"loc":{"start":{"line":13,"column":33},"end":{"line":31,"column":1}},"line":13},"1":{"name":"(anonymous_1)","decl":{"start":{"line":14,"column":11},"end":{"line":14,"column":12}},"loc":{"start":{"line":14,"column":25},"end":{"line":30,"column":5}},"line":14},"2":{"name":"(anonymous_2)","decl":{"start":{"line":16,"column":18},"end":{"line":16,"column":19}},"loc":{"start":{"line":16,"column":28},"end":{"line":16,"column":39}},"line":16},"3":{"name":"(anonymous_3)","decl":{"start":{"line":17,"column":18},"end":{"line":17,"column":19}},"loc":{"start":{"line":17,"column":28},"end":{"line":29,"column":13}},"line":17},"4":{"name":"(anonymous_4)","decl":{"start":{"line":23,"column":32},"end":{"line":23,"column":33}},"loc":{"start":{"line":23,"column":48},"end":{"line":23,"column":72}},"line":23},"5":{"name":"addFiltersList","decl":{"start":{"line":33,"column":16},"end":{"line":33,"column":30}},"loc":{"start":{"line":33,"column":40},"end":{"line":35,"column":1}},"line":33},"6":{"name":"filterByGenre","decl":{"start":{"line":36,"column":16},"end":{"line":36,"column":29}},"loc":{"start":{"line":36,"column":39},"end":{"line":38,"column":1}},"line":36},"7":{"name":"setActiveFilters","decl":{"start":{"line":39,"column":16},"end":{"line":39,"column":32}},"loc":{"start":{"line":39,"column":42},"end":{"line":41,"column":1}},"line":39},"8":{"name":"resetFilters","decl":{"start":{"line":42,"column":16},"end":{"line":42,"column":28}},"loc":{"start":{"line":42,"column":31},"end":{"line":44,"column":1}},"line":42},"9":{"name":"sortByValue","decl":{"start":{"line":46,"column":16},"end":{"line":46,"column":27}},"loc":{"start":{"line":46,"column":37},"end":{"line":48,"column":1}},"line":46},"10":{"name":"addMoviesList","decl":{"start":{"line":50,"column":16},"end":{"line":50,"column":29}},"loc":{"start":{"line":50,"column":39},"end":{"line":52,"column":1}},"line":50},"11":{"name":"addNewMovie","decl":{"start":{"line":58,"column":16},"end":{"line":58,"column":27}},"loc":{"start":{"line":58,"column":37},"end":{"line":60,"column":1}},"line":58},"12":{"name":"editMovie","decl":{"start":{"line":61,"column":16},"end":{"line":61,"column":25}},"loc":{"start":{"line":61,"column":35},"end":{"line":63,"column":1}},"line":61},"13":{"name":"deleteMovie","decl":{"start":{"line":64,"column":16},"end":{"line":64,"column":27}},"loc":{"start":{"line":64,"column":37},"end":{"line":66,"column":1}},"line":64}},"branchMap":{},"s":{"0":3,"1":2,"2":2,"3":2,"4":1,"5":6,"6":2,"7":1,"8":1,"9":1,"10":1,"11":3,"12":1,"13":1,"14":2},"f":{"0":3,"1":2,"2":2,"3":2,"4":6,"5":2,"6":1,"7":1,"8":1,"9":1,"10":3,"11":1,"12":1,"13":2},"b":{},"_coverageSchema":"1a1c01bbd47fc00a2c39e90264f33305004495a9","hash":"de57bb50f677fa72f5de68f5a3c3b645ca1c95d8"}
,"/Users/mookar/Documents/ReactCourse/react_course/src/app.jsx": {"path":"/Users/mookar/Documents/ReactCourse/react_course/src/app.jsx","statementMap":{"0":{"start":{"line":26,"column":12},"end":{"line":119,"column":1}},"1":{"start":{"line":27,"column":21},"end":{"line":27,"column":34}},"2":{"start":{"line":28,"column":19},"end":{"line":28,"column":48}},"3":{"start":{"line":30,"column":38},"end":{"line":30,"column":50}},"4":{"start":{"line":31,"column":40},"end":{"line":31,"column":55}},"5":{"start":{"line":32,"column":44},"end":{"line":32,"column":58}},"6":{"start":{"line":34,"column":4},"end":{"line":36,"column":11}},"7":{"start":{"line":35,"column":8},"end":{"line":35,"column":35}},"8":{"start":{"line":38,"column":22},"end":{"line":48,"column":5}},"9":{"start":{"line":40,"column":12},"end":{"line":40,"column":31}},"10":{"start":{"line":41,"column":12},"end":{"line":41,"column":31}},"11":{"start":{"line":42,"column":12},"end":{"line":42,"column":32}},"12":{"start":{"line":44,"column":12},"end":{"line":44,"column":49}},"13":{"start":{"line":45,"column":12},"end":{"line":45,"column":52}},"14":{"start":{"line":51,"column":8},"end":{"line":51,"column":31}},"15":{"start":{"line":55,"column":8},"end":{"line":55,"column":28}},"16":{"start":{"line":57,"column":8},"end":{"line":57,"column":44}},"17":{"start":{"line":58,"column":8},"end":{"line":58,"column":46}},"18":{"start":{"line":61,"column":4},"end":{"line":118,"column":6}},"19":{"start":{"line":112,"column":50},"end":{"line":112,"column":70}}},"fnMap":{"0":{"name":"(anonymous_0)","decl":{"start":{"line":26,"column":12},"end":{"line":26,"column":13}},"loc":{"start":{"line":26,"column":18},"end":{"line":119,"column":1}},"line":26},"1":{"name":"(anonymous_1)","decl":{"start":{"line":34,"column":14},"end":{"line":34,"column":15}},"loc":{"start":{"line":34,"column":20},"end":{"line":36,"column":5}},"line":34},"2":{"name":"(anonymous_2)","decl":{"start":{"line":39,"column":8},"end":{"line":39,"column":9}},"loc":{"start":{"line":39,"column":22},"end":{"line":46,"column":9}},"line":39},"3":{"name":"searchMovie","decl":{"start":{"line":50,"column":13},"end":{"line":50,"column":24}},"loc":{"start":{"line":50,"column":32},"end":{"line":52,"column":5}},"line":50},"4":{"name":"closeModal","decl":{"start":{"line":54,"column":13},"end":{"line":54,"column":23}},"loc":{"start":{"line":54,"column":26},"end":{"line":59,"column":5}},"line":54},"5":{"name":"(anonymous_5)","decl":{"start":{"line":112,"column":43},"end":{"line":112,"column":44}},"loc":{"start":{"line":112,"column":50},"end":{"line":112,"column":70}},"line":112}},"branchMap":{"0":{"loc":{"start":{"line":106,"column":17},"end":{"line":108,"column":24}},"type":"cond-expr","locations":[{"start":{"line":107,"column":20},"end":{"line":107,"column":72}},{"start":{"line":108,"column":20},"end":{"line":108,"column":24}}],"line":106},"1":{"loc":{"start":{"line":109,"column":17},"end":{"line":114,"column":24}},"type":"cond-expr","locations":[{"start":{"line":110,"column":20},"end":{"line":113,"column":22}},{"start":{"line":114,"column":20},"end":{"line":114,"column":24}}],"line":109},"2":{"loc":{"start":{"line":115,"column":17},"end":{"line":115,"column":71}},"type":"cond-expr","locations":[{"start":{"line":115,"column":38},"end":{"line":115,"column":64}},{"start":{"line":115,"column":67},"end":{"line":115,"column":71}}],"line":115}},"s":{"0":1,"1":2,"2":2,"3":2,"4":2,"5":2,"6":2,"7":1,"8":2,"9":0,"10":0,"11":0,"12":0,"13":0,"14":0,"15":0,"16":0,"17":0,"18":2,"19":0},"f":{"0":2,"1":1,"2":0,"3":0,"4":0,"5":0},"b":{"0":[0,2],"1":[0,2],"2":[0,2]},"_coverageSchema":"1a1c01bbd47fc00a2c39e90264f33305004495a9","hash":"9320166891b5f68eedd3eaa3455375aecfbc43b5"}
,"/Users/mookar/Documents/ReactCourse/react_course/src/constants.js": {"path":"/Users/mookar/Documents/ReactCourse/react_course/src/constants.js","statementMap":{"0":{"start":{"line":1,"column":32},"end":{"line":1,"column":50}},"1":{"start":{"line":2,"column":26},"end":{"line":2,"column":37}},"2":{"start":{"line":4,"column":27},"end":{"line":4,"column":40}},"3":{"start":{"line":5,"column":31},"end":{"line":5,"column":48}},"4":{"start":{"line":6,"column":34},"end":{"line":6,"column":54}},"5":{"start":{"line":7,"column":29},"end":{"line":7,"column":44}},"6":{"start":{"line":9,"column":29},"end":{"line":9,"column":44}},"7":{"start":{"line":11,"column":26},"end":{"line":11,"column":38}},"8":{"start":{"line":12,"column":27},"end":{"line":12,"column":40}},"9":{"start":{"line":14,"column":29},"end":{"line":14,"column":44}},"10":{"start":{"line":15,"column":26},"end":{"line":15,"column":38}},"11":{"start":{"line":16,"column":28},"end":{"line":16,"column":42}}},"fnMap":{},"branchMap":{},"s":{"0":8,"1":8,"2":8,"3":8,"4":8,"5":8,"6":8,"7":8,"8":8,"9":8,"10":8,"11":8},"f":{},"b":{},"_coverageSchema":"1a1c01bbd47fc00a2c39e90264f33305004495a9","hash":"9af8c85f15c5f263153cfed204f32b0d4d52a9d4"}
,"/Users/mookar/Documents/ReactCourse/react_course/src/mock_movies.js": {"path":"/Users/mookar/Documents/ReactCourse/react_course/src/mock_movies.js","statementMap":{"0":{"start":{"line":1,"column":21},"end":{"line":62,"column":1}}},"fnMap":{},"branchMap":{},"s":{"0":1},"f":{},"b":{},"_coverageSchema":"1a1c01bbd47fc00a2c39e90264f33305004495a9","hash":"97013bf929a5b5992b4c2b97650d017ec3e9e385"}
,"/Users/mookar/Documents/ReactCourse/react_course/src/selectors.js": {"path":"/Users/mookar/Documents/ReactCourse/react_course/src/selectors.js","statementMap":{"0":{"start":{"line":1,"column":32},"end":{"line":1,"column":53}},"1":{"start":{"line":1,"column":41},"end":{"line":1,"column":53}}},"fnMap":{"0":{"name":"(anonymous_0)","decl":{"start":{"line":1,"column":32},"end":{"line":1,"column":33}},"loc":{"start":{"line":1,"column":41},"end":{"line":1,"column":53}},"line":1}},"branchMap":{},"s":{"0":2,"1":7},"f":{"0":7},"b":{},"_coverageSchema":"1a1c01bbd47fc00a2c39e90264f33305004495a9","hash":"41494cb03cbc79cb7078c4d30bcf9865bac8b977"}
,"/Users/mookar/Documents/ReactCourse/react_course/src/store.js": {"path":"/Users/mookar/Documents/ReactCourse/react_course/src/store.js","statementMap":{"0":{"start":{"line":14,"column":21},"end":{"line":18,"column":1}},"1":{"start":{"line":21,"column":4},"end":{"line":81,"column":5}},"2":{"start":{"line":23,"column":12},"end":{"line":26,"column":14}},"3":{"start":{"line":29,"column":12},"end":{"line":29,"column":57}},"4":{"start":{"line":32,"column":12},"end":{"line":32,"column":88}},"5":{"start":{"line":35,"column":12},"end":{"line":35,"column":51}},"6":{"start":{"line":38,"column":12},"end":{"line":49,"column":14}},"7":{"start":{"line":41,"column":20},"end":{"line":43,"column":21}},"8":{"start":{"line":42,"column":24},"end":{"line":42,"column":33}},"9":{"start":{"line":44,"column":20},"end":{"line":46,"column":21}},"10":{"start":{"line":45,"column":24},"end":{"line":45,"column":34}},"11":{"start":{"line":47,"column":20},"end":{"line":47,"column":29}},"12":{"start":{"line":53,"column":12},"end":{"line":56,"column":14}},"13":{"start":{"line":60,"column":28},"end":{"line":62,"column":13}},"14":{"start":{"line":61,"column":16},"end":{"line":61,"column":71}},"15":{"start":{"line":63,"column":12},"end":{"line":66,"column":14}},"16":{"start":{"line":70,"column":28},"end":{"line":72,"column":13}},"17":{"start":{"line":71,"column":27},"end":{"line":71,"column":53}},"18":{"start":{"line":73,"column":12},"end":{"line":76,"column":14}},"19":{"start":{"line":80,"column":12},"end":{"line":80,"column":25}},"20":{"start":{"line":84,"column":14},"end":{"line":84,"column":62}}},"fnMap":{"0":{"name":"rootReducer","decl":{"start":{"line":20,"column":16},"end":{"line":20,"column":27}},"loc":{"start":{"line":20,"column":58},"end":{"line":82,"column":1}},"line":20},"1":{"name":"(anonymous_1)","decl":{"start":{"line":40,"column":47},"end":{"line":40,"column":48}},"loc":{"start":{"line":40,"column":57},"end":{"line":48,"column":17}},"line":40},"2":{"name":"(anonymous_2)","decl":{"start":{"line":60,"column":45},"end":{"line":60,"column":46}},"loc":{"start":{"line":61,"column":16},"end":{"line":61,"column":71}},"line":61},"3":{"name":"(anonymous_3)","decl":{"start":{"line":71,"column":16},"end":{"line":71,"column":17}},"loc":{"start":{"line":71,"column":27},"end":{"line":71,"column":53}},"line":71}},"branchMap":{"0":{"loc":{"start":{"line":20,"column":28},"end":{"line":20,"column":48}},"type":"default-arg","locations":[{"start":{"line":20,"column":36},"end":{"line":20,"column":48}}],"line":20},"1":{"loc":{"start":{"line":21,"column":4},"end":{"line":81,"column":5}},"type":"switch","locations":[{"start":{"line":22,"column":8},"end":{"line":26,"column":14}},{"start":{"line":28,"column":8},"end":{"line":29,"column":57}},{"start":{"line":31,"column":8},"end":{"line":32,"column":88}},{"start":{"line":34,"column":8},"end":{"line":35,"column":51}},{"start":{"line":37,"column":8},"end":{"line":50,"column":9}},{"start":{"line":52,"column":8},"end":{"line":57,"column":9}},{"start":{"line":59,"column":8},"end":{"line":67,"column":9}},{"start":{"line":69,"column":8},"end":{"line":77,"column":9}},{"start":{"line":79,"column":8},"end":{"line":80,"column":25}}],"line":21},"2":{"loc":{"start":{"line":41,"column":20},"end":{"line":43,"column":21}},"type":"if","locations":[{"start":{"line":41,"column":20},"end":{"line":43,"column":21}},{"start":{"line":41,"column":20},"end":{"line":43,"column":21}}],"line":41},"3":{"loc":{"start":{"line":44,"column":20},"end":{"line":46,"column":21}},"type":"if","locations":[{"start":{"line":44,"column":20},"end":{"line":46,"column":21}},{"start":{"line":44,"column":20},"end":{"line":46,"column":21}}],"line":44},"4":{"loc":{"start":{"line":61,"column":16},"end":{"line":61,"column":71}},"type":"cond-expr","locations":[{"start":{"line":61,"column":49},"end":{"line":61,"column":63}},{"start":{"line":61,"column":66},"end":{"line":61,"column":71}}],"line":61}},"s":{"0":7,"1":19,"2":2,"3":2,"4":1,"5":1,"6":1,"7":6,"8":2,"9":4,"10":3,"11":1,"12":1,"13":1,"14":2,"15":1,"16":2,"17":2,"18":2,"19":8,"20":7},"f":{"0":19,"1":6,"2":2,"3":2},"b":{"0":[7],"1":[2,2,1,1,1,1,1,2,8],"2":[2,4],"3":[3,1],"4":[1,1]},"_coverageSchema":"1a1c01bbd47fc00a2c39e90264f33305004495a9","hash":"a1d8b175fe0bae042ae9a4e67755c15222bfebef"}
,"/Users/mookar/Documents/ReactCourse/react_course/src/components/back_to_search/back_to_search.component.jsx": {"path":"/Users/mookar/Documents/ReactCourse/react_course/src/components/back_to_search/back_to_search.component.jsx","statementMap":{"0":{"start":{"line":3,"column":21},"end":{"line":5,"column":1}},"1":{"start":{"line":4,"column":4},"end":{"line":4,"column":70}}},"fnMap":{"0":{"name":"(anonymous_0)","decl":{"start":{"line":3,"column":21},"end":{"line":3,"column":22}},"loc":{"start":{"line":4,"column":4},"end":{"line":4,"column":70}},"line":4}},"branchMap":{},"s":{"0":2,"1":1},"f":{"0":1},"b":{},"_coverageSchema":"1a1c01bbd47fc00a2c39e90264f33305004495a9","hash":"d1fc48713af2c98a11ae704b96ad6bce18ec4d65"}
,"/Users/mookar/Documents/ReactCourse/react_course/src/components/back_to_search/index.js": {"path":"/Users/mookar/Documents/ReactCourse/react_course/src/components/back_to_search/index.js","statementMap":{},"fnMap":{},"branchMap":{},"s":{},"f":{},"b":{},"_coverageSchema":"1a1c01bbd47fc00a2c39e90264f33305004495a9","hash":"f059f77929d618fa120808802d404c61ae8b5d7e"}
,"/Users/mookar/Documents/ReactCourse/react_course/src/components/button/button.component.jsx": {"path":"/Users/mookar/Documents/ReactCourse/react_course/src/components/button/button.component.jsx","statementMap":{"0":{"start":{"line":6,"column":4},"end":{"line":8,"column":5}},"1":{"start":{"line":11,"column":0},"end":{"line":16,"column":2}}},"fnMap":{"0":{"name":"Button","decl":{"start":{"line":5,"column":9},"end":{"line":5,"column":15}},"loc":{"start":{"line":5,"column":55},"end":{"line":9,"column":1}},"line":5}},"branchMap":{},"s":{"0":8,"1":3},"f":{"0":8},"b":{},"_coverageSchema":"1a1c01bbd47fc00a2c39e90264f33305004495a9","hash":"fd623f8f52a831d86c50da480047baa713ac9a34"}
,"/Users/mookar/Documents/ReactCourse/react_course/src/components/button/index.js": {"path":"/Users/mookar/Documents/ReactCourse/react_course/src/components/button/index.js","statementMap":{},"fnMap":{},"branchMap":{},"s":{},"f":{},"b":{},"_coverageSchema":"1a1c01bbd47fc00a2c39e90264f33305004495a9","hash":"81d9fa335f8fb81ccdd5a55379ae7d17c00462a6"}
,"/Users/mookar/Documents/ReactCourse/react_course/src/components/error_boundary/error_boundary.component.jsx": {"path":"/Users/mookar/Documents/ReactCourse/react_course/src/components/error_boundary/error_boundary.component.jsx","statementMap":{"0":{"start":{"line":5,"column":8},"end":{"line":5,"column":21}},"1":{"start":{"line":6,"column":8},"end":{"line":6,"column":41}},"2":{"start":{"line":10,"column":8},"end":{"line":10,"column":34}},"3":{"start":{"line":14,"column":8},"end":{"line":14,"column":38}},"4":{"start":{"line":18,"column":8},"end":{"line":20,"column":9}},"5":{"start":{"line":19,"column":12},"end":{"line":19,"column":70}},"6":{"start":{"line":22,"column":8},"end":{"line":22,"column":35}}},"fnMap":{"0":{"name":"(anonymous_0)","decl":{"start":{"line":4,"column":4},"end":{"line":4,"column":5}},"loc":{"start":{"line":4,"column":23},"end":{"line":7,"column":5}},"line":4},"1":{"name":"(anonymous_1)","decl":{"start":{"line":9,"column":4},"end":{"line":9,"column":5}},"loc":{"start":{"line":9,"column":43},"end":{"line":11,"column":5}},"line":9},"2":{"name":"(anonymous_2)","decl":{"start":{"line":13,"column":4},"end":{"line":13,"column":5}},"loc":{"start":{"line":13,"column":40},"end":{"line":15,"column":5}},"line":13},"3":{"name":"(anonymous_3)","decl":{"start":{"line":17,"column":4},"end":{"line":17,"column":5}},"loc":{"start":{"line":17,"column":13},"end":{"line":23,"column":5}},"line":17}},"branchMap":{"0":{"loc":{"start":{"line":18,"column":8},"end":{"line":20,"column":9}},"type":"if","locations":[{"start":{"line":18,"column":8},"end":{"line":20,"column":9}},{"start":{"line":18,"column":8},"end":{"line":20,"column":9}}],"line":18}},"s":{"0":2,"1":2,"2":1,"3":1,"4":4,"5":1,"6":3},"f":{"0":2,"1":1,"2":1,"3":4},"b":{"0":[1,3]},"_coverageSchema":"1a1c01bbd47fc00a2c39e90264f33305004495a9","hash":"4e4563389cc632a7ca2da2d1eb9b3173558e30fd"}
,"/Users/mookar/Documents/ReactCourse/react_course/src/components/error_boundary/index.js": {"path":"/Users/mookar/Documents/ReactCourse/react_course/src/components/error_boundary/index.js","statementMap":{},"fnMap":{},"branchMap":{},"s":{},"f":{},"b":{},"_coverageSchema":"1a1c01bbd47fc00a2c39e90264f33305004495a9","hash":"0f660bb46aa25827b5b3567befd0f4706b3fbb55"}
,"/Users/mookar/Documents/ReactCourse/react_course/src/components/filter/filter.component.jsx": {"path":"/Users/mookar/Documents/ReactCourse/react_course/src/components/filter/filter.component.jsx","statementMap":{"0":{"start":{"line":6,"column":21},"end":{"line":6,"column":34}},"1":{"start":{"line":7,"column":23},"end":{"line":7,"column":58}},"2":{"start":{"line":7,"column":44},"end":{"line":7,"column":57}},"3":{"start":{"line":8,"column":26},"end":{"line":8,"column":67}},"4":{"start":{"line":8,"column":47},"end":{"line":8,"column":66}},"5":{"start":{"line":10,"column":4},"end":{"line":19,"column":6}},"6":{"start":{"line":12,"column":125},"end":{"line":12,"column":149}},"7":{"start":{"line":14,"column":16},"end":{"line":16,"column":21}},"8":{"start":{"line":14,"column":123},"end":{"line":14,"column":152}}},"fnMap":{"0":{"name":"Filter","decl":{"start":{"line":5,"column":9},"end":{"line":5,"column":15}},"loc":{"start":{"line":5,"column":18},"end":{"line":20,"column":1}},"line":5},"1":{"name":"(anonymous_1)","decl":{"start":{"line":7,"column":35},"end":{"line":7,"column":36}},"loc":{"start":{"line":7,"column":44},"end":{"line":7,"column":57}},"line":7},"2":{"name":"(anonymous_2)","decl":{"start":{"line":8,"column":38},"end":{"line":8,"column":39}},"loc":{"start":{"line":8,"column":47},"end":{"line":8,"column":66}},"line":8},"3":{"name":"(anonymous_3)","decl":{"start":{"line":12,"column":119},"end":{"line":12,"column":120}},"loc":{"start":{"line":12,"column":125},"end":{"line":12,"column":149}},"line":12},"4":{"name":"(anonymous_4)","decl":{"start":{"line":13,"column":28},"end":{"line":13,"column":29}},"loc":{"start":{"line":14,"column":16},"end":{"line":16,"column":21}},"line":14},"5":{"name":"(anonymous_5)","decl":{"start":{"line":14,"column":117},"end":{"line":14,"column":118}},"loc":{"start":{"line":14,"column":123},"end":{"line":14,"column":152}},"line":14}},"branchMap":{"0":{"loc":{"start":{"line":12,"column":59},"end":{"line":12,"column":106}},"type":"cond-expr","locations":[{"start":{"line":12,"column":91},"end":{"line":12,"column":101}},{"start":{"line":12,"column":104},"end":{"line":12,"column":106}}],"line":12},"1":{"loc":{"start":{"line":14,"column":61},"end":{"line":14,"column":104}},"type":"cond-expr","locations":[{"start":{"line":14,"column":89},"end":{"line":14,"column":99}},{"start":{"line":14,"column":102},"end":{"line":14,"column":104}}],"line":14}},"s":{"0":4,"1":4,"2":8,"3":4,"4":8,"5":4,"6":0,"7":4,"8":0},"f":{"0":4,"1":8,"2":8,"3":0,"4":4,"5":0},"b":{"0":[0,4],"1":[0,4]},"_coverageSchema":"1a1c01bbd47fc00a2c39e90264f33305004495a9","hash":"d5d23b912805768383167db026add9d3abb9c37d"}
,"/Users/mookar/Documents/ReactCourse/react_course/src/components/filter/index.js": {"path":"/Users/mookar/Documents/ReactCourse/react_course/src/components/filter/index.js","statementMap":{},"fnMap":{},"branchMap":{},"s":{},"f":{},"b":{},"_coverageSchema":"1a1c01bbd47fc00a2c39e90264f33305004495a9","hash":"64c69722d2e4b3b698e39284b36edc0b4cbd2698"}
,"/Users/mookar/Documents/ReactCourse/react_course/src/components/footer/footer.component.jsx": {"path":"/Users/mookar/Documents/ReactCourse/react_course/src/components/footer/footer.component.jsx","statementMap":{"0":{"start":{"line":7,"column":4},"end":{"line":11,"column":5}},"1":{"start":{"line":14,"column":0},"end":{"line":16,"column":2}}},"fnMap":{"0":{"name":"Footer","decl":{"start":{"line":6,"column":9},"end":{"line":6,"column":15}},"loc":{"start":{"line":6,"column":18},"end":{"line":12,"column":1}},"line":6}},"branchMap":{},"s":{"0":2,"1":1},"f":{"0":2},"b":{},"_coverageSchema":"1a1c01bbd47fc00a2c39e90264f33305004495a9","hash":"f724d378b9e6c1782275729d4962f01c928dd6ab"}
,"/Users/mookar/Documents/ReactCourse/react_course/src/components/footer/index.js": {"path":"/Users/mookar/Documents/ReactCourse/react_course/src/components/footer/index.js","statementMap":{},"fnMap":{},"branchMap":{},"s":{},"f":{},"b":{},"_coverageSchema":"1a1c01bbd47fc00a2c39e90264f33305004495a9","hash":"1a7783164118d3695b429faab0fbb5fe6272df38"}
,"/Users/mookar/Documents/ReactCourse/react_course/src/components/header/header.component.jsx": {"path":"/Users/mookar/Documents/ReactCourse/react_course/src/components/header/header.component.jsx","statementMap":{"0":{"start":{"line":6,"column":4},"end":{"line":10,"column":5}},"1":{"start":{"line":13,"column":0},"end":{"line":15,"column":2}}},"fnMap":{"0":{"name":"Header","decl":{"start":{"line":5,"column":9},"end":{"line":5,"column":15}},"loc":{"start":{"line":5,"column":28},"end":{"line":11,"column":1}},"line":5}},"branchMap":{},"s":{"0":2,"1":1},"f":{"0":2},"b":{},"_coverageSchema":"1a1c01bbd47fc00a2c39e90264f33305004495a9","hash":"21ccd27ed3c5c23df61d54ee061f6805ffc13073"}
,"/Users/mookar/Documents/ReactCourse/react_course/src/components/header/index.js": {"path":"/Users/mookar/Documents/ReactCourse/react_course/src/components/header/index.js","statementMap":{},"fnMap":{},"branchMap":{},"s":{},"f":{},"b":{},"_coverageSchema":"1a1c01bbd47fc00a2c39e90264f33305004495a9","hash":"b843f88213578acad939920967134378fe65e36e"}
,"/Users/mookar/Documents/ReactCourse/react_course/src/components/logo/index.js": {"path":"/Users/mookar/Documents/ReactCourse/react_course/src/components/logo/index.js","statementMap":{},"fnMap":{},"branchMap":{},"s":{},"f":{},"b":{},"_coverageSchema":"1a1c01bbd47fc00a2c39e90264f33305004495a9","hash":"87b86d35b06d226e1be179268a1a484ad978c0b5"}
,"/Users/mookar/Documents/ReactCourse/react_course/src/components/logo/logo.component.jsx": {"path":"/Users/mookar/Documents/ReactCourse/react_course/src/components/logo/logo.component.jsx","statementMap":{"0":{"start":{"line":6,"column":4},"end":{"line":11,"column":6}}},"fnMap":{"0":{"name":"Logo","decl":{"start":{"line":4,"column":9},"end":{"line":4,"column":13}},"loc":{"start":{"line":4,"column":16},"end":{"line":12,"column":1}},"line":4}},"branchMap":{},"s":{"0":4},"f":{"0":4},"b":{},"_coverageSchema":"1a1c01bbd47fc00a2c39e90264f33305004495a9","hash":"f1da6600a32f25c4f017c78837143f9058487ec0"}
,"/Users/mookar/Documents/ReactCourse/react_course/src/components/modal_window/index.js": {"path":"/Users/mookar/Documents/ReactCourse/react_course/src/components/modal_window/index.js","statementMap":{},"fnMap":{},"branchMap":{},"s":{},"f":{},"b":{},"_coverageSchema":"1a1c01bbd47fc00a2c39e90264f33305004495a9","hash":"0b49846fa3881500f749a2f51038dae13bf83f7d"}
,"/Users/mookar/Documents/ReactCourse/react_course/src/components/modal_window/modal_window.component.jsx": {"path":"/Users/mookar/Documents/ReactCourse/react_course/src/components/modal_window/modal_window.component.jsx","statementMap":{"0":{"start":{"line":7,"column":40},"end":{"line":7,"column":45}},"1":{"start":{"line":9,"column":4},"end":{"line":21,"column":5}},"2":{"start":{"line":10,"column":8},"end":{"line":20,"column":10}},"3":{"start":{"line":23,"column":4},"end":{"line":23,"column":16}}},"fnMap":{"0":{"name":"ModalWindow","decl":{"start":{"line":6,"column":9},"end":{"line":6,"column":20}},"loc":{"start":{"line":6,"column":28},"end":{"line":24,"column":1}},"line":6}},"branchMap":{"0":{"loc":{"start":{"line":9,"column":4},"end":{"line":21,"column":5}},"type":"if","locations":[{"start":{"line":9,"column":4},"end":{"line":21,"column":5}},{"start":{"line":9,"column":4},"end":{"line":21,"column":5}}],"line":9}},"s":{"0":3,"1":3,"2":1,"3":2},"f":{"0":3},"b":{"0":[1,2]},"_coverageSchema":"1a1c01bbd47fc00a2c39e90264f33305004495a9","hash":"aa522ca8a76f3d24ace69850d75de9805845e151"}
,"/Users/mookar/Documents/ReactCourse/react_course/src/components/movie_preview/index.js": {"path":"/Users/mookar/Documents/ReactCourse/react_course/src/components/movie_preview/index.js","statementMap":{},"fnMap":{},"branchMap":{},"s":{},"f":{},"b":{},"_coverageSchema":"1a1c01bbd47fc00a2c39e90264f33305004495a9","hash":"7bed574886ed7d8e4c35b5d67b716f01ad31ae8a"}
,"/Users/mookar/Documents/ReactCourse/react_course/src/components/movie_preview/movie_preview.component.jsx": {"path":"/Users/mookar/Documents/ReactCourse/react_course/src/components/movie_preview/movie_preview.component.jsx","statementMap":{"0":{"start":{"line":9,"column":19},"end":{"line":9,"column":48}},"1":{"start":{"line":10,"column":19},"end":{"line":10,"column":30}},"2":{"start":{"line":11,"column":30},"end":{"line":11,"column":44}},"3":{"start":{"line":13,"column":4},"end":{"line":15,"column":7}},"4":{"start":{"line":14,"column":8},"end":{"line":14,"column":57}},"5":{"start":{"line":14,"column":40},"end":{"line":14,"column":54}},"6":{"start":{"line":17,"column":4},"end":{"line":51,"column":6}}},"fnMap":{"0":{"name":"MoviePreview","decl":{"start":{"line":8,"column":9},"end":{"line":8,"column":21}},"loc":{"start":{"line":8,"column":24},"end":{"line":52,"column":1}},"line":8},"1":{"name":"(anonymous_1)","decl":{"start":{"line":13,"column":14},"end":{"line":13,"column":15}},"loc":{"start":{"line":13,"column":20},"end":{"line":15,"column":5}},"line":13},"2":{"name":"(anonymous_2)","decl":{"start":{"line":14,"column":29},"end":{"line":14,"column":30}},"loc":{"start":{"line":14,"column":40},"end":{"line":14,"column":54}},"line":14}},"branchMap":{"0":{"loc":{"start":{"line":17,"column":11},"end":{"line":51,"column":5}},"type":"cond-expr","locations":[{"start":{"line":18,"column":8},"end":{"line":33,"column":14}},{"start":{"line":35,"column":8},"end":{"line":50,"column":14}}],"line":17}},"s":{"0":3,"1":3,"2":3,"3":3,"4":2,"5":0,"6":3},"f":{"0":3,"1":2,"2":0},"b":{"0":[0,3]},"_coverageSchema":"1a1c01bbd47fc00a2c39e90264f33305004495a9","hash":"0183dcee27c1fe671d3f208d2f373a619bce88d2"}
,"/Users/mookar/Documents/ReactCourse/react_course/src/components/movies_list/index.js": {"path":"/Users/mookar/Documents/ReactCourse/react_course/src/components/movies_list/index.js","statementMap":{},"fnMap":{},"branchMap":{},"s":{},"f":{},"b":{},"_coverageSchema":"1a1c01bbd47fc00a2c39e90264f33305004495a9","hash":"4dc8e1053d9844f2f864b093580101b3f15654e8"}
,"/Users/mookar/Documents/ReactCourse/react_course/src/components/movies_list/movies_list.component.jsx": {"path":"/Users/mookar/Documents/ReactCourse/react_course/src/components/movies_list/movies_list.component.jsx","statementMap":{"0":{"start":{"line":12,"column":19},"end":{"line":49,"column":1}},"1":{"start":{"line":13,"column":22},"end":{"line":13,"column":58}},"2":{"start":{"line":13,"column":45},"end":{"line":13,"column":57}},"3":{"start":{"line":14,"column":26},"end":{"line":14,"column":69}},"4":{"start":{"line":14,"column":49},"end":{"line":14,"column":68}},"5":{"start":{"line":15,"column":19},"end":{"line":15,"column":30}},"6":{"start":{"line":17,"column":25},"end":{"line":21,"column":5}},"7":{"start":{"line":18,"column":8},"end":{"line":20,"column":75}},"8":{"start":{"line":20,"column":45},"end":{"line":20,"column":74}},"9":{"start":{"line":23,"column":4},"end":{"line":27,"column":5}},"10":{"start":{"line":24,"column":8},"end":{"line":26,"column":10}},"11":{"start":{"line":25,"column":12},"end":{"line":25,"column":66}},"12":{"start":{"line":29,"column":24},"end":{"line":29,"column":44}},"13":{"start":{"line":31,"column":4},"end":{"line":48,"column":6}},"14":{"start":{"line":44,"column":20},"end":{"line":44,"column":80}}},"fnMap":{"0":{"name":"(anonymous_0)","decl":{"start":{"line":12,"column":19},"end":{"line":12,"column":20}},"loc":{"start":{"line":12,"column":38},"end":{"line":49,"column":1}},"line":12},"1":{"name":"(anonymous_1)","decl":{"start":{"line":13,"column":34},"end":{"line":13,"column":35}},"loc":{"start":{"line":13,"column":45},"end":{"line":13,"column":57}},"line":13},"2":{"name":"(anonymous_2)","decl":{"start":{"line":14,"column":38},"end":{"line":14,"column":39}},"loc":{"start":{"line":14,"column":49},"end":{"line":14,"column":68}},"line":14},"3":{"name":"(anonymous_3)","decl":{"start":{"line":17,"column":42},"end":{"line":17,"column":43}},"loc":{"start":{"line":18,"column":8},"end":{"line":20,"column":75}},"line":18},"4":{"name":"(anonymous_4)","decl":{"start":{"line":20,"column":33},"end":{"line":20,"column":34}},"loc":{"start":{"line":20,"column":45},"end":{"line":20,"column":74}},"line":20},"5":{"name":"(anonymous_5)","decl":{"start":{"line":24,"column":42},"end":{"line":24,"column":43}},"loc":{"start":{"line":25,"column":12},"end":{"line":25,"column":66}},"line":25},"6":{"name":"(anonymous_6)","decl":{"start":{"line":43,"column":36},"end":{"line":43,"column":37}},"loc":{"start":{"line":44,"column":20},"end":{"line":44,"column":80}},"line":44}},"branchMap":{"0":{"loc":{"start":{"line":18,"column":8},"end":{"line":20,"column":75}},"type":"cond-expr","locations":[{"start":{"line":19,"column":14},"end":{"line":19,"column":19}},{"start":{"line":20,"column":14},"end":{"line":20,"column":75}}],"line":18},"1":{"loc":{"start":{"line":23,"column":4},"end":{"line":27,"column":5}},"type":"if","locations":[{"start":{"line":23,"column":4},"end":{"line":27,"column":5}},{"start":{"line":23,"column":4},"end":{"line":27,"column":5}}],"line":23},"2":{"loc":{"start":{"line":40,"column":20},"end":{"line":40,"column":48}},"type":"cond-expr","locations":[{"start":{"line":40,"column":34},"end":{"line":40,"column":43}},{"start":{"line":40,"column":46},"end":{"line":40,"column":48}}],"line":40}},"s":{"0":1,"1":2,"2":5,"3":2,"4":5,"5":2,"6":2,"7":6,"8":0,"9":2,"10":0,"11":0,"12":2,"13":2,"14":6},"f":{"0":2,"1":5,"2":5,"3":6,"4":0,"5":0,"6":6},"b":{"0":[6,0],"1":[0,2],"2":[2,0]},"_coverageSchema":"1a1c01bbd47fc00a2c39e90264f33305004495a9","hash":"96e64558af51ea4a0f22820616094994190778e5"}
,"/Users/mookar/Documents/ReactCourse/react_course/src/components/movies_list/movie/index.js": {"path":"/Users/mookar/Documents/ReactCourse/react_course/src/components/movies_list/movie/index.js","statementMap":{},"fnMap":{},"branchMap":{},"s":{},"f":{},"b":{},"_coverageSchema":"1a1c01bbd47fc00a2c39e90264f33305004495a9","hash":"3ff18e4ed768dda8cede78fc631861c1f83d09bf"}
,"/Users/mookar/Documents/ReactCourse/react_course/src/components/movies_list/movie/movie.component.jsx": {"path":"/Users/mookar/Documents/ReactCourse/react_course/src/components/movies_list/movie/movie.component.jsx","statementMap":{"0":{"start":{"line":9,"column":14},"end":{"line":81,"column":1}},"1":{"start":{"line":10,"column":38},"end":{"line":10,"column":53}},"2":{"start":{"line":17,"column":8},"end":{"line":17,"column":13}},"3":{"start":{"line":19,"column":18},"end":{"line":19,"column":30}},"4":{"start":{"line":21,"column":16},"end":{"line":21,"column":24}},"5":{"start":{"line":22,"column":4},"end":{"line":22,"column":51}},"6":{"start":{"line":22,"column":31},"end":{"line":22,"column":49}},"7":{"start":{"line":25,"column":8},"end":{"line":25,"column":33}},"8":{"start":{"line":30,"column":8},"end":{"line":30,"column":35}},"9":{"start":{"line":33,"column":4},"end":{"line":80,"column":6}},"10":{"start":{"line":46,"column":36},"end":{"line":46,"column":68}},"11":{"start":{"line":62,"column":28},"end":{"line":62,"column":50}},"12":{"start":{"line":63,"column":28},"end":{"line":63,"column":41}},"13":{"start":{"line":71,"column":28},"end":{"line":71,"column":52}},"14":{"start":{"line":72,"column":28},"end":{"line":72,"column":41}},"15":{"start":{"line":83,"column":0},"end":{"line":91,"column":2}}},"fnMap":{"0":{"name":"(anonymous_0)","decl":{"start":{"line":9,"column":14},"end":{"line":9,"column":15}},"loc":{"start":{"line":9,"column":40},"end":{"line":81,"column":1}},"line":9},"1":{"name":"(anonymous_1)","decl":{"start":{"line":22,"column":25},"end":{"line":22,"column":26}},"loc":{"start":{"line":22,"column":31},"end":{"line":22,"column":49}},"line":22},"2":{"name":"toggleMenu","decl":{"start":{"line":24,"column":13},"end":{"line":24,"column":23}},"loc":{"start":{"line":24,"column":26},"end":{"line":26,"column":5}},"line":24},"3":{"name":"handlePosterClick","decl":{"start":{"line":28,"column":13},"end":{"line":28,"column":30}},"loc":{"start":{"line":28,"column":33},"end":{"line":31,"column":5}},"line":28},"4":{"name":"(anonymous_4)","decl":{"start":{"line":46,"column":29},"end":{"line":46,"column":30}},"loc":{"start":{"line":46,"column":36},"end":{"line":46,"column":68}},"line":46},"5":{"name":"(anonymous_5)","decl":{"start":{"line":61,"column":33},"end":{"line":61,"column":34}},"loc":{"start":{"line":61,"column":39},"end":{"line":64,"column":25}},"line":61},"6":{"name":"(anonymous_6)","decl":{"start":{"line":70,"column":33},"end":{"line":70,"column":34}},"loc":{"start":{"line":70,"column":39},"end":{"line":73,"column":25}},"line":70}},"branchMap":{"0":{"loc":{"start":{"line":52,"column":51},"end":{"line":52,"column":75}},"type":"cond-expr","locations":[{"start":{"line":52,"column":64},"end":{"line":52,"column":70}},{"start":{"line":52,"column":73},"end":{"line":52,"column":75}}],"line":52}},"s":{"0":1,"1":6,"2":6,"3":6,"4":6,"5":6,"6":0,"7":0,"8":0,"9":6,"10":12,"11":0,"12":0,"13":0,"14":0,"15":1},"f":{"0":6,"1":0,"2":0,"3":0,"4":12,"5":0,"6":0},"b":{"0":[0,6]},"_coverageSchema":"1a1c01bbd47fc00a2c39e90264f33305004495a9","hash":"ec3832253b9233452543f723dc08fd4f1a028d7d"}
,"/Users/mookar/Documents/ReactCourse/react_course/src/components/search/index.js": {"path":"/Users/mookar/Documents/ReactCourse/react_course/src/components/search/index.js","statementMap":{},"fnMap":{},"branchMap":{},"s":{},"f":{},"b":{},"_coverageSchema":"1a1c01bbd47fc00a2c39e90264f33305004495a9","hash":"440a7c3bc9f7cf8fb73927965659f2fe82ff9436"}
,"/Users/mookar/Documents/ReactCourse/react_course/src/components/search/search.component.jsx": {"path":"/Users/mookar/Documents/ReactCourse/react_course/src/components/search/search.component.jsx","statementMap":{"0":{"start":{"line":10,"column":16},"end":{"line":10,"column":27}},"1":{"start":{"line":11,"column":21},"end":{"line":11,"column":34}},"2":{"start":{"line":12,"column":20},"end":{"line":12,"column":32}},"3":{"start":{"line":13,"column":19},"end":{"line":13,"column":30}},"4":{"start":{"line":16,"column":8},"end":{"line":16,"column":27}},"5":{"start":{"line":17,"column":8},"end":{"line":17,"column":32}},"6":{"start":{"line":20,"column":8},"end":{"line":20,"column":52}},"7":{"start":{"line":24,"column":8},"end":{"line":24,"column":30}},"8":{"start":{"line":25,"column":8},"end":{"line":25,"column":25}},"9":{"start":{"line":28,"column":4},"end":{"line":42,"column":6}}},"fnMap":{"0":{"name":"Search","decl":{"start":{"line":9,"column":9},"end":{"line":9,"column":15}},"loc":{"start":{"line":9,"column":18},"end":{"line":43,"column":1}},"line":9},"1":{"name":"handleSearch","decl":{"start":{"line":15,"column":13},"end":{"line":15,"column":25}},"loc":{"start":{"line":15,"column":29},"end":{"line":21,"column":5}},"line":15},"2":{"name":"clearInput","decl":{"start":{"line":23,"column":13},"end":{"line":23,"column":23}},"loc":{"start":{"line":23,"column":26},"end":{"line":26,"column":5}},"line":23}},"branchMap":{},"s":{"0":2,"1":2,"2":2,"3":2,"4":0,"5":0,"6":0,"7":0,"8":0,"9":2},"f":{"0":2,"1":0,"2":0},"b":{},"_coverageSchema":"1a1c01bbd47fc00a2c39e90264f33305004495a9","hash":"7f2d03a927de10cf362fab8849c8bf4ba167de56"}
,"/Users/mookar/Documents/ReactCourse/react_course/src/components/sort/index.js": {"path":"/Users/mookar/Documents/ReactCourse/react_course/src/components/sort/index.js","statementMap":{},"fnMap":{},"branchMap":{},"s":{},"f":{},"b":{},"_coverageSchema":"1a1c01bbd47fc00a2c39e90264f33305004495a9","hash":"64e9c2d3bda6a81114dc46e681211d1494d342bd"}
,"/Users/mookar/Documents/ReactCourse/react_course/src/components/sort/sort.component.jsx": {"path":"/Users/mookar/Documents/ReactCourse/react_course/src/components/sort/sort.component.jsx","statementMap":{"0":{"start":{"line":6,"column":21},"end":{"line":6,"column":56}},"1":{"start":{"line":8,"column":13},"end":{"line":45,"column":1}},"2":{"start":{"line":9,"column":30},"end":{"line":9,"column":42}},"3":{"start":{"line":10,"column":19},"end":{"line":10,"column":30}},"4":{"start":{"line":11,"column":21},"end":{"line":11,"column":34}},"5":{"start":{"line":13,"column":4},"end":{"line":15,"column":11}},"6":{"start":{"line":14,"column":8},"end":{"line":14,"column":39}},"7":{"start":{"line":18,"column":8},"end":{"line":18,"column":39}},"8":{"start":{"line":20,"column":8},"end":{"line":26,"column":9}},"9":{"start":{"line":21,"column":12},"end":{"line":21,"column":49}},"10":{"start":{"line":22,"column":15},"end":{"line":26,"column":9}},"11":{"start":{"line":23,"column":12},"end":{"line":23,"column":42}},"12":{"start":{"line":24,"column":15},"end":{"line":26,"column":9}},"13":{"start":{"line":25,"column":12},"end":{"line":25,"column":49}},"14":{"start":{"line":29,"column":4},"end":{"line":44,"column":6}},"15":{"start":{"line":38,"column":20},"end":{"line":40,"column":29}}},"fnMap":{"0":{"name":"(anonymous_0)","decl":{"start":{"line":8,"column":13},"end":{"line":8,"column":14}},"loc":{"start":{"line":8,"column":19},"end":{"line":45,"column":1}},"line":8},"1":{"name":"(anonymous_1)","decl":{"start":{"line":13,"column":14},"end":{"line":13,"column":15}},"loc":{"start":{"line":13,"column":20},"end":{"line":15,"column":5}},"line":13},"2":{"name":"handleChange","decl":{"start":{"line":17,"column":13},"end":{"line":17,"column":25}},"loc":{"start":{"line":17,"column":28},"end":{"line":27,"column":5}},"line":17},"3":{"name":"(anonymous_3)","decl":{"start":{"line":37,"column":34},"end":{"line":37,"column":35}},"loc":{"start":{"line":38,"column":20},"end":{"line":40,"column":29}},"line":38}},"branchMap":{"0":{"loc":{"start":{"line":20,"column":8},"end":{"line":26,"column":9}},"type":"if","locations":[{"start":{"line":20,"column":8},"end":{"line":26,"column":9}},{"start":{"line":20,"column":8},"end":{"line":26,"column":9}}],"line":20},"1":{"loc":{"start":{"line":22,"column":15},"end":{"line":26,"column":9}},"type":"if","locations":[{"start":{"line":22,"column":15},"end":{"line":26,"column":9}},{"start":{"line":22,"column":15},"end":{"line":26,"column":9}}],"line":22},"2":{"loc":{"start":{"line":24,"column":15},"end":{"line":26,"column":9}},"type":"if","locations":[{"start":{"line":24,"column":15},"end":{"line":26,"column":9}},{"start":{"line":24,"column":15},"end":{"line":26,"column":9}}],"line":24}},"s":{"0":1,"1":1,"2":3,"3":3,"4":3,"5":3,"6":1,"7":0,"8":0,"9":0,"10":0,"11":0,"12":0,"13":0,"14":3,"15":9},"f":{"0":3,"1":1,"2":0,"3":9},"b":{"0":[0,0],"1":[0,0],"2":[0,0]},"_coverageSchema":"1a1c01bbd47fc00a2c39e90264f33305004495a9","hash":"22fe07311de5c400b25ac430391a10073eef5c9e"}
,"/Users/mookar/Documents/ReactCourse/react_course/src/forms/validate.js": {"path":"/Users/mookar/Documents/ReactCourse/react_course/src/forms/validate.js","statementMap":{"0":{"start":{"line":1,"column":24},"end":{"line":33,"column":1}},"1":{"start":{"line":2,"column":19},"end":{"line":2,"column":21}},"2":{"start":{"line":4,"column":4},"end":{"line":6,"column":5}},"3":{"start":{"line":5,"column":8},"end":{"line":5,"column":48}},"4":{"start":{"line":8,"column":4},"end":{"line":12,"column":5}},"5":{"start":{"line":9,"column":8},"end":{"line":9,"column":55}},"6":{"start":{"line":10,"column":11},"end":{"line":12,"column":5}},"7":{"start":{"line":11,"column":8},"end":{"line":11,"column":65}},"8":{"start":{"line":14,"column":4},"end":{"line":16,"column":5}},"9":{"start":{"line":15,"column":8},"end":{"line":15,"column":46}},"10":{"start":{"line":18,"column":4},"end":{"line":20,"column":5}},"11":{"start":{"line":19,"column":8},"end":{"line":19,"column":49}},"12":{"start":{"line":22,"column":4},"end":{"line":24,"column":5}},"13":{"start":{"line":23,"column":8},"end":{"line":23,"column":51}},"14":{"start":{"line":26,"column":4},"end":{"line":30,"column":5}},"15":{"start":{"line":27,"column":8},"end":{"line":27,"column":50}},"16":{"start":{"line":28,"column":11},"end":{"line":30,"column":5}},"17":{"start":{"line":29,"column":8},"end":{"line":29,"column":64}},"18":{"start":{"line":32,"column":4},"end":{"line":32,"column":18}}},"fnMap":{"0":{"name":"(anonymous_0)","decl":{"start":{"line":1,"column":24},"end":{"line":1,"column":25}},"loc":{"start":{"line":1,"column":36},"end":{"line":33,"column":1}},"line":1}},"branchMap":{"0":{"loc":{"start":{"line":4,"column":4},"end":{"line":6,"column":5}},"type":"if","locations":[{"start":{"line":4,"column":4},"end":{"line":6,"column":5}},{"start":{"line":4,"column":4},"end":{"line":6,"column":5}}],"line":4},"1":{"loc":{"start":{"line":8,"column":4},"end":{"line":12,"column":5}},"type":"if","locations":[{"start":{"line":8,"column":4},"end":{"line":12,"column":5}},{"start":{"line":8,"column":4},"end":{"line":12,"column":5}}],"line":8},"2":{"loc":{"start":{"line":10,"column":11},"end":{"line":12,"column":5}},"type":"if","locations":[{"start":{"line":10,"column":11},"end":{"line":12,"column":5}},{"start":{"line":10,"column":11},"end":{"line":12,"column":5}}],"line":10},"3":{"loc":{"start":{"line":14,"column":4},"end":{"line":16,"column":5}},"type":"if","locations":[{"start":{"line":14,"column":4},"end":{"line":16,"column":5}},{"start":{"line":14,"column":4},"end":{"line":16,"column":5}}],"line":14},"4":{"loc":{"start":{"line":18,"column":4},"end":{"line":20,"column":5}},"type":"if","locations":[{"start":{"line":18,"column":4},"end":{"line":20,"column":5}},{"start":{"line":18,"column":4},"end":{"line":20,"column":5}}],"line":18},"5":{"loc":{"start":{"line":18,"column":8},"end":{"line":18,"column":51}},"type":"binary-expr","locations":[{"start":{"line":18,"column":8},"end":{"line":18,"column":22}},{"start":{"line":18,"column":26},"end":{"line":18,"column":51}}],"line":18},"6":{"loc":{"start":{"line":22,"column":4},"end":{"line":24,"column":5}},"type":"if","locations":[{"start":{"line":22,"column":4},"end":{"line":24,"column":5}},{"start":{"line":22,"column":4},"end":{"line":24,"column":5}}],"line":22},"7":{"loc":{"start":{"line":26,"column":4},"end":{"line":30,"column":5}},"type":"if","locations":[{"start":{"line":26,"column":4},"end":{"line":30,"column":5}},{"start":{"line":26,"column":4},"end":{"line":30,"column":5}}],"line":26},"8":{"loc":{"start":{"line":28,"column":11},"end":{"line":30,"column":5}},"type":"if","locations":[{"start":{"line":28,"column":11},"end":{"line":30,"column":5}},{"start":{"line":28,"column":11},"end":{"line":30,"column":5}}],"line":28}},"s":{"0":4,"1":3,"2":3,"3":1,"4":3,"5":1,"6":2,"7":1,"8":3,"9":1,"10":3,"11":1,"12":3,"13":1,"14":3,"15":1,"16":2,"17":1,"18":3},"f":{"0":3},"b":{"0":[1,2],"1":[1,2],"2":[1,1],"3":[1,2],"4":[1,2],"5":[3,2],"6":[1,2],"7":[1,2],"8":[1,1]},"_coverageSchema":"1a1c01bbd47fc00a2c39e90264f33305004495a9","hash":"234ba91f1374024acb407e35130bcb252af94c20"}
,"/Users/mookar/Documents/ReactCourse/react_course/src/forms/add/add.component.jsx": {"path":"/Users/mookar/Documents/ReactCourse/react_course/src/forms/add/add.component.jsx","statementMap":{"0":{"start":{"line":9,"column":12},"end":{"line":131,"column":1}},"1":{"start":{"line":10,"column":21},"end":{"line":10,"column":34}},"2":{"start":{"line":12,"column":19},"end":{"line":34,"column":6}},"3":{"start":{"line":23,"column":12},"end":{"line":31,"column":14}},"4":{"start":{"line":32,"column":12},"end":{"line":32,"column":20}},"5":{"start":{"line":36,"column":4},"end":{"line":130,"column":6}}},"fnMap":{"0":{"name":"(anonymous_0)","decl":{"start":{"line":9,"column":12},"end":{"line":9,"column":13}},"loc":{"start":{"line":9,"column":27},"end":{"line":131,"column":1}},"line":9},"1":{"name":"(anonymous_1)","decl":{"start":{"line":22,"column":18},"end":{"line":22,"column":19}},"loc":{"start":{"line":22,"column":30},"end":{"line":33,"column":9}},"line":22}},"branchMap":{"0":{"loc":{"start":{"line":49,"column":17},"end":{"line":51,"column":24}},"type":"cond-expr","locations":[{"start":{"line":50,"column":20},"end":{"line":50,"column":75}},{"start":{"line":51,"column":20},"end":{"line":51,"column":24}}],"line":49},"1":{"loc":{"start":{"line":49,"column":17},"end":{"line":49,"column":60}},"type":"binary-expr","locations":[{"start":{"line":49,"column":17},"end":{"line":49,"column":37}},{"start":{"line":49,"column":41},"end":{"line":49,"column":60}}],"line":49},"2":{"loc":{"start":{"line":62,"column":17},"end":{"line":66,"column":24}},"type":"cond-expr","locations":[{"start":{"line":63,"column":20},"end":{"line":65,"column":26}},{"start":{"line":66,"column":20},"end":{"line":66,"column":24}}],"line":62},"3":{"loc":{"start":{"line":62,"column":17},"end":{"line":62,"column":74}},"type":"binary-expr","locations":[{"start":{"line":62,"column":17},"end":{"line":62,"column":44}},{"start":{"line":62,"column":48},"end":{"line":62,"column":74}}],"line":62},"4":{"loc":{"start":{"line":77,"column":17},"end":{"line":79,"column":24}},"type":"cond-expr","locations":[{"start":{"line":78,"column":20},"end":{"line":78,"column":73}},{"start":{"line":79,"column":20},"end":{"line":79,"column":24}}],"line":77},"5":{"loc":{"start":{"line":77,"column":17},"end":{"line":77,"column":56}},"type":"binary-expr","locations":[{"start":{"line":77,"column":17},"end":{"line":77,"column":35}},{"start":{"line":77,"column":39},"end":{"line":77,"column":56}}],"line":77},"6":{"loc":{"start":{"line":90,"column":17},"end":{"line":92,"column":24}},"type":"cond-expr","locations":[{"start":{"line":91,"column":20},"end":{"line":91,"column":76}},{"start":{"line":92,"column":20},"end":{"line":92,"column":24}}],"line":90},"7":{"loc":{"start":{"line":90,"column":17},"end":{"line":90,"column":62}},"type":"binary-expr","locations":[{"start":{"line":90,"column":17},"end":{"line":90,"column":38}},{"start":{"line":90,"column":42},"end":{"line":90,"column":62}}],"line":90},"8":{"loc":{"start":{"line":103,"column":17},"end":{"line":105,"column":24}},"type":"cond-expr","locations":[{"start":{"line":104,"column":20},"end":{"line":104,"column":78}},{"start":{"line":105,"column":20},"end":{"line":105,"column":24}}],"line":103},"9":{"loc":{"start":{"line":103,"column":17},"end":{"line":103,"column":66}},"type":"binary-expr","locations":[{"start":{"line":103,"column":17},"end":{"line":103,"column":40}},{"start":{"line":103,"column":44},"end":{"line":103,"column":66}}],"line":103},"10":{"loc":{"start":{"line":116,"column":17},"end":{"line":118,"column":24}},"type":"cond-expr","locations":[{"start":{"line":117,"column":20},"end":{"line":117,"column":77}},{"start":{"line":118,"column":20},"end":{"line":118,"column":24}}],"line":116},"11":{"loc":{"start":{"line":116,"column":17},"end":{"line":116,"column":64}},"type":"binary-expr","locations":[{"start":{"line":116,"column":17},"end":{"line":116,"column":39}},{"start":{"line":116,"column":43},"end":{"line":116,"column":64}}],"line":116}},"s":{"0":2,"1":1,"2":1,"3":0,"4":0,"5":1},"f":{"0":1,"1":0},"b":{"0":[0,1],"1":[1,0],"2":[0,1],"3":[1,0],"4":[0,1],"5":[1,0],"6":[0,1],"7":[1,0],"8":[0,1],"9":[1,0],"10":[0,1],"11":[1,0]},"_coverageSchema":"1a1c01bbd47fc00a2c39e90264f33305004495a9","hash":"f086b3cb2702b1e1b3b42f713d7e1e61709434ca"}
,"/Users/mookar/Documents/ReactCourse/react_course/src/forms/add/index.js": {"path":"/Users/mookar/Documents/ReactCourse/react_course/src/forms/add/index.js","statementMap":{},"fnMap":{},"branchMap":{},"s":{},"f":{},"b":{},"_coverageSchema":"1a1c01bbd47fc00a2c39e90264f33305004495a9","hash":"e6907d5132bf6304a55e7e77201e14553927f4bf"}
,"/Users/mookar/Documents/ReactCourse/react_course/src/forms/delete/delete.component.jsx": {"path":"/Users/mookar/Documents/ReactCourse/react_course/src/forms/delete/delete.component.jsx","statementMap":{"0":{"start":{"line":7,"column":21},"end":{"line":7,"column":34}},"1":{"start":{"line":10,"column":8},"end":{"line":10,"column":26}},"2":{"start":{"line":11,"column":8},"end":{"line":11,"column":38}},"3":{"start":{"line":12,"column":8},"end":{"line":12,"column":16}},"4":{"start":{"line":15,"column":4},"end":{"line":22,"column":6}}},"fnMap":{"0":{"name":"Delete","decl":{"start":{"line":6,"column":9},"end":{"line":6,"column":15}},"loc":{"start":{"line":6,"column":36},"end":{"line":23,"column":1}},"line":6},"1":{"name":"handleDelete","decl":{"start":{"line":9,"column":13},"end":{"line":9,"column":25}},"loc":{"start":{"line":9,"column":28},"end":{"line":13,"column":5}},"line":9}},"branchMap":{},"s":{"0":2,"1":1,"2":1,"3":1,"4":2},"f":{"0":2,"1":1},"b":{},"_coverageSchema":"1a1c01bbd47fc00a2c39e90264f33305004495a9","hash":"63112dfc5b88f1c8fabae2b6ed99742b1ea9ebb8"}
,"/Users/mookar/Documents/ReactCourse/react_course/src/forms/delete/index.js": {"path":"/Users/mookar/Documents/ReactCourse/react_course/src/forms/delete/index.js","statementMap":{},"fnMap":{},"branchMap":{},"s":{},"f":{},"b":{},"_coverageSchema":"1a1c01bbd47fc00a2c39e90264f33305004495a9","hash":"15c6f73942fdceeba23fb09ceaa0200fd4a8fe12"}
,"/Users/mookar/Documents/ReactCourse/react_course/src/forms/edit/edit.component.jsx": {"path":"/Users/mookar/Documents/ReactCourse/react_course/src/forms/edit/edit.component.jsx","statementMap":{"0":{"start":{"line":10,"column":13},"end":{"line":132,"column":1}},"1":{"start":{"line":11,"column":21},"end":{"line":11,"column":34}},"2":{"start":{"line":13,"column":19},"end":{"line":33,"column":6}},"3":{"start":{"line":24,"column":12},"end":{"line":30,"column":14}},"4":{"start":{"line":31,"column":12},"end":{"line":31,"column":20}},"5":{"start":{"line":35,"column":4},"end":{"line":131,"column":6}}},"fnMap":{"0":{"name":"(anonymous_0)","decl":{"start":{"line":10,"column":13},"end":{"line":10,"column":14}},"loc":{"start":{"line":10,"column":35},"end":{"line":132,"column":1}},"line":10},"1":{"name":"(anonymous_1)","decl":{"start":{"line":23,"column":18},"end":{"line":23,"column":19}},"loc":{"start":{"line":23,"column":30},"end":{"line":32,"column":9}},"line":23}},"branchMap":{"0":{"loc":{"start":{"line":17,"column":17},"end":{"line":17,"column":32}},"type":"binary-expr","locations":[{"start":{"line":17,"column":17},"end":{"line":17,"column":26}},{"start":{"line":17,"column":30},"end":{"line":17,"column":32}}],"line":17},"1":{"loc":{"start":{"line":51,"column":17},"end":{"line":53,"column":24}},"type":"cond-expr","locations":[{"start":{"line":52,"column":20},"end":{"line":52,"column":75}},{"start":{"line":53,"column":20},"end":{"line":53,"column":24}}],"line":51},"2":{"loc":{"start":{"line":51,"column":17},"end":{"line":51,"column":60}},"type":"binary-expr","locations":[{"start":{"line":51,"column":17},"end":{"line":51,"column":37}},{"start":{"line":51,"column":41},"end":{"line":51,"column":60}}],"line":51},"3":{"loc":{"start":{"line":64,"column":17},"end":{"line":68,"column":24}},"type":"cond-expr","locations":[{"start":{"line":65,"column":20},"end":{"line":67,"column":26}},{"start":{"line":68,"column":20},"end":{"line":68,"column":24}}],"line":64},"4":{"loc":{"start":{"line":64,"column":17},"end":{"line":64,"column":74}},"type":"binary-expr","locations":[{"start":{"line":64,"column":17},"end":{"line":64,"column":44}},{"start":{"line":64,"column":48},"end":{"line":64,"column":74}}],"line":64},"5":{"loc":{"start":{"line":79,"column":17},"end":{"line":81,"column":24}},"type":"cond-expr","locations":[{"start":{"line":80,"column":20},"end":{"line":80,"column":73}},{"start":{"line":81,"column":20},"end":{"line":81,"column":24}}],"line":79},"6":{"loc":{"start":{"line":79,"column":17},"end":{"line":79,"column":56}},"type":"binary-expr","locations":[{"start":{"line":79,"column":17},"end":{"line":79,"column":35}},{"start":{"line":79,"column":39},"end":{"line":79,"column":56}}],"line":79},"7":{"loc":{"start":{"line":92,"column":17},"end":{"line":94,"column":24}},"type":"cond-expr","locations":[{"start":{"line":93,"column":20},"end":{"line":93,"column":76}},{"start":{"line":94,"column":20},"end":{"line":94,"column":24}}],"line":92},"8":{"loc":{"start":{"line":92,"column":17},"end":{"line":92,"column":62}},"type":"binary-expr","locations":[{"start":{"line":92,"column":17},"end":{"line":92,"column":38}},{"start":{"line":92,"column":42},"end":{"line":92,"column":62}}],"line":92},"9":{"loc":{"start":{"line":105,"column":17},"end":{"line":107,"column":24}},"type":"cond-expr","locations":[{"start":{"line":106,"column":20},"end":{"line":106,"column":78}},{"start":{"line":107,"column":20},"end":{"line":107,"column":24}}],"line":105},"10":{"loc":{"start":{"line":105,"column":17},"end":{"line":105,"column":66}},"type":"binary-expr","locations":[{"start":{"line":105,"column":17},"end":{"line":105,"column":40}},{"start":{"line":105,"column":44},"end":{"line":105,"column":66}}],"line":105},"11":{"loc":{"start":{"line":117,"column":17},"end":{"line":119,"column":24}},"type":"cond-expr","locations":[{"start":{"line":118,"column":20},"end":{"line":118,"column":77}},{"start":{"line":119,"column":20},"end":{"line":119,"column":24}}],"line":117},"12":{"loc":{"start":{"line":117,"column":17},"end":{"line":117,"column":64}},"type":"binary-expr","locations":[{"start":{"line":117,"column":17},"end":{"line":117,"column":39}},{"start":{"line":117,"column":43},"end":{"line":117,"column":64}}],"line":117}},"s":{"0":2,"1":1,"2":1,"3":0,"4":0,"5":1},"f":{"0":1,"1":0},"b":{"0":[1,0],"1":[0,1],"2":[1,0],"3":[0,1],"4":[1,0],"5":[0,1],"6":[1,0],"7":[0,1],"8":[1,0],"9":[0,1],"10":[1,0],"11":[0,1],"12":[1,0]},"_coverageSchema":"1a1c01bbd47fc00a2c39e90264f33305004495a9","hash":"41f9196ec429a9acaa87f346adfbfda16643dc1f"}
,"/Users/mookar/Documents/ReactCourse/react_course/src/forms/edit/index.js": {"path":"/Users/mookar/Documents/ReactCourse/react_course/src/forms/edit/index.js","statementMap":{},"fnMap":{},"branchMap":{},"s":{},"f":{},"b":{},"_coverageSchema":"1a1c01bbd47fc00a2c39e90264f33305004495a9","hash":"b7e68a9ee9b16d080717cb28f6ab7187707b3d5b"}
,"/Users/mookar/Documents/ReactCourse/react_course/src/hooks/use-breakpoint.jsx": {"path":"/Users/mookar/Documents/ReactCourse/react_course/src/hooks/use-breakpoint.jsx","statementMap":{"0":{"start":{"line":4,"column":30},"end":{"line":4,"column":57}},"1":{"start":{"line":5,"column":23},"end":{"line":5,"column":24}},"2":{"start":{"line":7,"column":4},"end":{"line":12,"column":11}},"3":{"start":{"line":8,"column":29},"end":{"line":8,"column":62}},"4":{"start":{"line":8,"column":35},"end":{"line":8,"column":62}},"5":{"start":{"line":9,"column":8},"end":{"line":9,"column":56}},"6":{"start":{"line":11,"column":8},"end":{"line":11,"column":72}},"7":{"start":{"line":11,"column":21},"end":{"line":11,"column":71}},"8":{"start":{"line":14,"column":4},"end":{"line":14,"column":30}}},"fnMap":{"0":{"name":"useBreakpoints","decl":{"start":{"line":3,"column":24},"end":{"line":3,"column":38}},"loc":{"start":{"line":3,"column":42},"end":{"line":15,"column":1}},"line":3},"1":{"name":"(anonymous_1)","decl":{"start":{"line":7,"column":14},"end":{"line":7,"column":15}},"loc":{"start":{"line":7,"column":20},"end":{"line":12,"column":5}},"line":7},"2":{"name":"(anonymous_2)","decl":{"start":{"line":8,"column":29},"end":{"line":8,"column":30}},"loc":{"start":{"line":8,"column":35},"end":{"line":8,"column":62}},"line":8},"3":{"name":"(anonymous_3)","decl":{"start":{"line":11,"column":15},"end":{"line":11,"column":16}},"loc":{"start":{"line":11,"column":21},"end":{"line":11,"column":71}},"line":11}},"branchMap":{},"s":{"0":2,"1":2,"2":2,"3":1,"4":0,"5":1,"6":1,"7":1,"8":2},"f":{"0":2,"1":1,"2":0,"3":1},"b":{},"_coverageSchema":"1a1c01bbd47fc00a2c39e90264f33305004495a9","hash":"744c61bee802ae3ee064410b69c6f9c55976d57e"}
,"/Users/mookar/Documents/ReactCourse/react_course/src/hooks/use-click-outside.jsx": {"path":"/Users/mookar/Documents/ReactCourse/react_course/src/hooks/use-click-outside.jsx","statementMap":{"0":{"start":{"line":4,"column":4},"end":{"line":16,"column":21}},"1":{"start":{"line":5,"column":25},"end":{"line":9,"column":9}},"2":{"start":{"line":6,"column":12},"end":{"line":8,"column":13}},"3":{"start":{"line":7,"column":16},"end":{"line":7,"column":25}},"4":{"start":{"line":11,"column":8},"end":{"line":11,"column":50}},"5":{"start":{"line":13,"column":8},"end":{"line":15,"column":9}},"6":{"start":{"line":14,"column":12},"end":{"line":14,"column":57}}},"fnMap":{"0":{"name":"useClickOutside","decl":{"start":{"line":3,"column":24},"end":{"line":3,"column":39}},"loc":{"start":{"line":3,"column":54},"end":{"line":18,"column":1}},"line":3},"1":{"name":"(anonymous_1)","decl":{"start":{"line":4,"column":14},"end":{"line":4,"column":15}},"loc":{"start":{"line":4,"column":18},"end":{"line":16,"column":5}},"line":4},"2":{"name":"(anonymous_2)","decl":{"start":{"line":5,"column":25},"end":{"line":5,"column":26}},"loc":{"start":{"line":5,"column":36},"end":{"line":9,"column":9}},"line":5},"3":{"name":"(anonymous_3)","decl":{"start":{"line":13,"column":15},"end":{"line":13,"column":16}},"loc":{"start":{"line":13,"column":21},"end":{"line":15,"column":9}},"line":13}},"branchMap":{"0":{"loc":{"start":{"line":6,"column":12},"end":{"line":8,"column":13}},"type":"if","locations":[{"start":{"line":6,"column":12},"end":{"line":8,"column":13}},{"start":{"line":6,"column":12},"end":{"line":8,"column":13}}],"line":6}},"s":{"0":6,"1":6,"2":0,"3":0,"4":6,"5":6,"6":6},"f":{"0":6,"1":6,"2":0,"3":6},"b":{"0":[0,0]},"_coverageSchema":"1a1c01bbd47fc00a2c39e90264f33305004495a9","hash":"a58d0dbb91dcb833886b193b3a1c2b7aef0a6b6c"}
,"/Users/mookar/Documents/ReactCourse/react_course/src/pages/Page404/Page404.jsx": {"path":"/Users/mookar/Documents/ReactCourse/react_course/src/pages/Page404/Page404.jsx","statementMap":{"0":{"start":{"line":7,"column":4},"end":{"line":12,"column":5}}},"fnMap":{"0":{"name":"Error404Page","decl":{"start":{"line":6,"column":24},"end":{"line":6,"column":36}},"loc":{"start":{"line":6,"column":39},"end":{"line":13,"column":1}},"line":6}},"branchMap":{},"s":{"0":1},"f":{"0":1},"b":{},"_coverageSchema":"1a1c01bbd47fc00a2c39e90264f33305004495a9","hash":"bf191690de8d3cdea9fe314f831c15274eb7065e"}
,"/Users/mookar/Documents/ReactCourse/react_course/src/pages/Page404/index.js": {"path":"/Users/mookar/Documents/ReactCourse/react_course/src/pages/Page404/index.js","statementMap":{},"fnMap":{},"branchMap":{},"s":{},"f":{},"b":{},"_coverageSchema":"1a1c01bbd47fc00a2c39e90264f33305004495a9","hash":"a1dbec1b68b4da26cec6bdc53ad032f4bbdbb10e"}
}
