TN:
SF:src/actions.js
FN:13,loadMoviesList
FN:14,(anonymous_1)
FN:16,(anonymous_2)
FN:17,(anonymous_3)
FN:23,(anonymous_4)
FN:33,addFiltersList
FN:36,filterByGenre
FN:39,setActiveFilters
FN:42,resetFilters
FN:46,sortByValue
FN:50,addMoviesList
FN:58,addNewMovie
FN:61,editMovie
FN:64,deleteMovie
FNF:14
FNH:14
FNDA:3,loadMoviesList
FNDA:2,(anonymous_1)
FNDA:2,(anonymous_2)
FNDA:2,(anonymous_3)
FNDA:6,(anonymous_4)
FNDA:2,addFiltersList
FNDA:1,filterByGenre
FNDA:1,setActiveFilters
FNDA:1,resetFilters
FNDA:1,sortByValue
FNDA:3,addMoviesList
FNDA:1,addNewMovie
FNDA:1,editMovie
FNDA:2,deleteMovie
DA:14,3
DA:15,2
DA:16,2
DA:18,2
DA:19,1
DA:23,6
DA:34,2
DA:37,1
DA:40,1
DA:43,1
DA:47,1
DA:51,3
DA:59,1
DA:62,1
DA:65,2
LF:15
LH:15
BRF:0
BRH:0
end_of_record
TN:
SF:src/app.jsx
FN:26,(anonymous_0)
FN:34,(anonymous_1)
FN:39,(anonymous_2)
FN:50,searchMovie
FN:54,closeModal
FN:112,(anonymous_5)
FNF:6
FNH:2
FNDA:2,(anonymous_0)
FNDA:1,(anonymous_1)
FNDA:0,(anonymous_2)
FNDA:0,searchMovie
FNDA:0,closeModal
FNDA:0,(anonymous_5)
DA:26,1
DA:27,2
DA:28,2
DA:30,2
DA:31,2
DA:32,2
DA:34,2
DA:35,1
DA:38,2
DA:40,0
DA:41,0
DA:42,0
DA:44,0
DA:45,0
DA:51,0
DA:55,0
DA:57,0
DA:58,0
DA:61,2
DA:112,0
LF:20
LH:10
BRDA:106,0,0,0
BRDA:106,0,1,2
BRDA:109,1,0,0
BRDA:109,1,1,2
BRDA:115,2,0,0
BRDA:115,2,1,2
BRF:6
BRH:3
end_of_record
TN:
SF:src/constants.js
FNF:0
FNH:0
DA:1,8
DA:2,8
DA:4,8
DA:5,8
DA:6,8
DA:7,8
DA:9,8
DA:11,8
DA:12,8
DA:14,8
DA:15,8
DA:16,8
LF:12
LH:12
BRF:0
BRH:0
end_of_record
TN:
SF:src/mock_movies.js
FNF:0
FNH:0
DA:1,1
LF:1
LH:1
BRF:0
BRH:0
end_of_record
TN:
SF:src/selectors.js
FN:1,(anonymous_0)
FNF:1
FNH:1
FNDA:7,(anonymous_0)
DA:1,7
LF:1
LH:1
BRF:0
BRH:0
end_of_record
TN:
SF:src/store.js
FN:20,rootReducer
FN:40,(anonymous_1)
FN:60,(anonymous_2)
FN:71,(anonymous_3)
FNF:4
FNH:4
FNDA:19,rootReducer
FNDA:6,(anonymous_1)
FNDA:2,(anonymous_2)
FNDA:2,(anonymous_3)
DA:14,7
DA:21,19
DA:23,2
DA:29,2
DA:32,1
DA:35,1
DA:38,1
DA:41,6
DA:42,2
DA:44,4
DA:45,3
DA:47,1
DA:53,1
DA:60,1
DA:61,2
DA:63,1
DA:70,2
DA:71,2
DA:73,2
DA:80,8
DA:84,7
LF:21
LH:21
BRDA:20,0,0,7
BRDA:21,1,0,2
BRDA:21,1,1,2
BRDA:21,1,2,1
BRDA:21,1,3,1
BRDA:21,1,4,1
BRDA:21,1,5,1
BRDA:21,1,6,1
BRDA:21,1,7,2
BRDA:21,1,8,8
BRDA:41,2,0,2
BRDA:41,2,1,4
BRDA:44,3,0,3
BRDA:44,3,1,1
BRDA:61,4,0,1
BRDA:61,4,1,1
BRF:16
BRH:16
end_of_record
TN:
SF:src/components/back_to_search/back_to_search.component.jsx
FN:3,(anonymous_0)
FNF:1
FNH:1
FNDA:1,(anonymous_0)
DA:3,2
DA:4,1
LF:2
LH:2
BRF:0
BRH:0
end_of_record
TN:
SF:src/components/back_to_search/index.js
FNF:0
FNH:0
LF:0
LH:0
BRF:0
BRH:0
end_of_record
TN:
SF:src/components/button/button.component.jsx
FN:5,Button
FNF:1
FNH:1
FNDA:8,Button
DA:6,8
DA:11,3
LF:2
LH:2
BRF:0
BRH:0
end_of_record
TN:
SF:src/components/button/index.js
FNF:0
FNH:0
LF:0
LH:0
BRF:0
BRH:0
end_of_record
TN:
SF:src/components/error_boundary/error_boundary.component.jsx
FN:4,(anonymous_0)
FN:9,(anonymous_1)
FN:13,(anonymous_2)
FN:17,(anonymous_3)
FNF:4
FNH:4
FNDA:2,(anonymous_0)
FNDA:1,(anonymous_1)
FNDA:1,(anonymous_2)
FNDA:4,(anonymous_3)
DA:5,2
DA:6,2
DA:10,1
DA:14,1
DA:18,4
DA:19,1
DA:22,3
LF:7
LH:7
BRDA:18,0,0,1
BRDA:18,0,1,3
BRF:2
BRH:2
end_of_record
TN:
SF:src/components/error_boundary/index.js
FNF:0
FNH:0
LF:0
LH:0
BRF:0
BRH:0
end_of_record
TN:
SF:src/components/filter/filter.component.jsx
FN:5,Filter
FN:7,(anonymous_1)
FN:8,(anonymous_2)
FN:12,(anonymous_3)
FN:13,(anonymous_4)
FN:14,(anonymous_5)
FNF:6
FNH:4
FNDA:4,Filter
FNDA:8,(anonymous_1)
FNDA:8,(anonymous_2)
FNDA:0,(anonymous_3)
FNDA:4,(anonymous_4)
FNDA:0,(anonymous_5)
DA:6,4
DA:7,8
DA:8,8
DA:10,4
DA:12,0
DA:14,4
LF:6
LH:5
BRDA:12,0,0,0
BRDA:12,0,1,4
BRDA:14,1,0,0
BRDA:14,1,1,4
BRF:4
BRH:2
end_of_record
TN:
SF:src/components/filter/index.js
FNF:0
FNH:0
LF:0
LH:0
BRF:0
BRH:0
end_of_record
TN:
SF:src/components/footer/footer.component.jsx
FN:6,Footer
FNF:1
FNH:1
FNDA:2,Footer
DA:7,2
DA:14,1
LF:2
LH:2
BRF:0
BRH:0
end_of_record
TN:
SF:src/components/footer/index.js
FNF:0
FNH:0
LF:0
LH:0
BRF:0
BRH:0
end_of_record
TN:
SF:src/components/header/header.component.jsx
FN:5,Header
FNF:1
FNH:1
FNDA:2,Header
DA:6,2
DA:13,1
LF:2
LH:2
BRF:0
BRH:0
end_of_record
TN:
SF:src/components/header/index.js
FNF:0
FNH:0
LF:0
LH:0
BRF:0
BRH:0
end_of_record
TN:
SF:src/components/logo/index.js
FNF:0
FNH:0
LF:0
LH:0
BRF:0
BRH:0
end_of_record
TN:
SF:src/components/logo/logo.component.jsx
FN:4,Logo
FNF:1
FNH:1
FNDA:4,Logo
DA:6,4
LF:1
LH:1
BRF:0
BRH:0
end_of_record
TN:
SF:src/components/modal_window/index.js
FNF:0
FNH:0
LF:0
LH:0
BRF:0
BRH:0
end_of_record
TN:
SF:src/components/modal_window/modal_window.component.jsx
FN:6,ModalWindow
FNF:1
FNH:1
FNDA:3,ModalWindow
DA:7,3
DA:9,3
DA:10,1
DA:23,2
LF:4
LH:4
BRDA:9,0,0,1
BRDA:9,0,1,2
BRF:2
BRH:2
end_of_record
TN:
SF:src/components/movie_preview/index.js
FNF:0
FNH:0
LF:0
LH:0
BRF:0
BRH:0
end_of_record
TN:
SF:src/components/movie_preview/movie_preview.component.jsx
FN:8,MoviePreview
FN:13,(anonymous_1)
FN:14,(anonymous_2)
FNF:3
FNH:2
FNDA:3,MoviePreview
FNDA:2,(anonymous_1)
FNDA:0,(anonymous_2)
DA:9,3
DA:10,3
DA:11,3
DA:13,3
DA:14,2
DA:17,3
LF:6
LH:6
BRDA:17,0,0,0
BRDA:17,0,1,3
BRF:2
BRH:1
end_of_record
TN:
SF:src/components/movies_list/index.js
FNF:0
FNH:0
LF:0
LH:0
BRF:0
BRH:0
end_of_record
TN:
SF:src/components/movies_list/movies_list.component.jsx
FN:12,(anonymous_0)
FN:13,(anonymous_1)
FN:14,(anonymous_2)
FN:17,(anonymous_3)
FN:20,(anonymous_4)
FN:24,(anonymous_5)
FN:43,(anonymous_6)
FNF:7
FNH:5
FNDA:2,(anonymous_0)
FNDA:5,(anonymous_1)
FNDA:5,(anonymous_2)
FNDA:6,(anonymous_3)
FNDA:0,(anonymous_4)
FNDA:0,(anonymous_5)
FNDA:6,(anonymous_6)
DA:12,1
DA:13,5
DA:14,5
DA:15,2
DA:17,2
DA:18,6
DA:20,0
DA:23,2
DA:24,0
DA:25,0
DA:29,2
DA:31,2
DA:44,6
LF:13
LH:10
BRDA:18,0,0,6
BRDA:18,0,1,0
BRDA:23,1,0,0
BRDA:23,1,1,2
BRDA:40,2,0,2
BRDA:40,2,1,0
BRF:6
BRH:3
end_of_record
TN:
SF:src/components/movies_list/movie/index.js
FNF:0
FNH:0
LF:0
LH:0
BRF:0
BRH:0
end_of_record
TN:
SF:src/components/movies_list/movie/movie.component.jsx
FN:9,(anonymous_0)
FN:22,(anonymous_1)
FN:24,toggleMenu
FN:28,handlePosterClick
FN:46,(anonymous_4)
FN:61,(anonymous_5)
FN:70,(anonymous_6)
FNF:7
FNH:2
FNDA:6,(anonymous_0)
FNDA:0,(anonymous_1)
FNDA:0,toggleMenu
FNDA:0,handlePosterClick
FNDA:12,(anonymous_4)
FNDA:0,(anonymous_5)
FNDA:0,(anonymous_6)
DA:9,1
DA:10,6
DA:17,6
DA:19,6
DA:21,6
DA:22,6
DA:25,0
DA:30,0
DA:33,6
DA:46,12
DA:62,0
DA:63,0
DA:71,0
DA:72,0
DA:83,1
LF:15
LH:9
BRDA:52,0,0,0
BRDA:52,0,1,6
BRF:2
BRH:1
end_of_record
TN:
SF:src/components/search/index.js
FNF:0
FNH:0
LF:0
LH:0
BRF:0
BRH:0
end_of_record
TN:
SF:src/components/search/search.component.jsx
FN:9,Search
FN:15,handleSearch
FN:23,clearInput
FNF:3
FNH:1
FNDA:2,Search
FNDA:0,handleSearch
FNDA:0,clearInput
DA:10,2
DA:11,2
DA:12,2
DA:13,2
DA:16,0
DA:17,0
DA:20,0
DA:24,0
DA:25,0
DA:28,2
LF:10
LH:5
BRF:0
BRH:0
end_of_record
TN:
SF:src/components/sort/index.js
FNF:0
FNH:0
LF:0
LH:0
BRF:0
BRH:0
end_of_record
TN:
SF:src/components/sort/sort.component.jsx
FN:8,(anonymous_0)
FN:13,(anonymous_1)
FN:17,handleChange
FN:37,(anonymous_3)
FNF:4
FNH:3
FNDA:3,(anonymous_0)
FNDA:1,(anonymous_1)
FNDA:0,handleChange
FNDA:9,(anonymous_3)
DA:6,1
DA:8,1
DA:9,3
DA:10,3
DA:11,3
DA:13,3
DA:14,1
DA:18,0
DA:20,0
DA:21,0
DA:22,0
DA:23,0
DA:24,0
DA:25,0
DA:29,3
DA:38,9
LF:16
LH:9
BRDA:20,0,0,0
BRDA:20,0,1,0
BRDA:22,1,0,0
BRDA:22,1,1,0
BRDA:24,2,0,0
BRDA:24,2,1,0
BRF:6
BRH:0
end_of_record
TN:
SF:src/forms/validate.js
FN:1,(anonymous_0)
FNF:1
FNH:1
FNDA:3,(anonymous_0)
DA:1,4
DA:2,3
DA:4,3
DA:5,1
DA:8,3
DA:9,1
DA:10,2
DA:11,1
DA:14,3
DA:15,1
DA:18,3
DA:19,1
DA:22,3
DA:23,1
DA:26,3
DA:27,1
DA:28,2
DA:29,1
DA:32,3
LF:19
LH:19
BRDA:4,0,0,1
BRDA:4,0,1,2
BRDA:8,1,0,1
BRDA:8,1,1,2
BRDA:10,2,0,1
BRDA:10,2,1,1
BRDA:14,3,0,1
BRDA:14,3,1,2
BRDA:18,4,0,1
BRDA:18,4,1,2
BRDA:18,5,0,3
BRDA:18,5,1,2
BRDA:22,6,0,1
BRDA:22,6,1,2
BRDA:26,7,0,1
BRDA:26,7,1,2
BRDA:28,8,0,1
BRDA:28,8,1,1
BRF:18
BRH:18
end_of_record
TN:
SF:src/forms/add/add.component.jsx
FN:9,(anonymous_0)
FN:22,(anonymous_1)
FNF:2
FNH:1
FNDA:1,(anonymous_0)
FNDA:0,(anonymous_1)
DA:9,2
DA:10,1
DA:12,1
DA:23,0
DA:32,0
DA:36,1
LF:6
LH:4
BRDA:49,0,0,0
BRDA:49,0,1,1
BRDA:49,1,0,1
BRDA:49,1,1,0
BRDA:62,2,0,0
BRDA:62,2,1,1
BRDA:62,3,0,1
BRDA:62,3,1,0
BRDA:77,4,0,0
BRDA:77,4,1,1
BRDA:77,5,0,1
BRDA:77,5,1,0
BRDA:90,6,0,0
BRDA:90,6,1,1
BRDA:90,7,0,1
BRDA:90,7,1,0
BRDA:103,8,0,0
BRDA:103,8,1,1
BRDA:103,9,0,1
BRDA:103,9,1,0
BRDA:116,10,0,0
BRDA:116,10,1,1
BRDA:116,11,0,1
BRDA:116,11,1,0
BRF:24
BRH:12
end_of_record
TN:
SF:src/forms/add/index.js
FNF:0
FNH:0
LF:0
LH:0
BRF:0
BRH:0
end_of_record
TN:
SF:src/forms/delete/delete.component.jsx
FN:6,Delete
FN:9,handleDelete
FNF:2
FNH:2
FNDA:2,Delete
FNDA:1,handleDelete
DA:7,2
DA:10,1
DA:11,1
DA:12,1
DA:15,2
LF:5
LH:5
BRF:0
BRH:0
end_of_record
TN:
SF:src/forms/delete/index.js
FNF:0
FNH:0
LF:0
LH:0
BRF:0
BRH:0
end_of_record
TN:
SF:src/forms/edit/edit.component.jsx
FN:10,(anonymous_0)
FN:23,(anonymous_1)
FNF:2
FNH:1
FNDA:1,(anonymous_0)
FNDA:0,(anonymous_1)
DA:10,2
DA:11,1
DA:13,1
DA:24,0
DA:31,0
DA:35,1
LF:6
LH:4
BRDA:17,0,0,1
BRDA:17,0,1,0
BRDA:51,1,0,0
BRDA:51,1,1,1
BRDA:51,2,0,1
BRDA:51,2,1,0
BRDA:64,3,0,0
BRDA:64,3,1,1
BRDA:64,4,0,1
BRDA:64,4,1,0
BRDA:79,5,0,0
BRDA:79,5,1,1
BRDA:79,6,0,1
BRDA:79,6,1,0
BRDA:92,7,0,0
BRDA:92,7,1,1
BRDA:92,8,0,1
BRDA:92,8,1,0
BRDA:105,9,0,0
BRDA:105,9,1,1
BRDA:105,10,0,1
BRDA:105,10,1,0
BRDA:117,11,0,0
BRDA:117,11,1,1
BRDA:117,12,0,1
BRDA:117,12,1,0
BRF:26
BRH:13
end_of_record
TN:
SF:src/forms/edit/index.js
FNF:0
FNH:0
LF:0
LH:0
BRF:0
BRH:0
end_of_record
TN:
SF:src/hooks/use-breakpoint.jsx
FN:3,useBreakpoints
FN:7,(anonymous_1)
FN:8,(anonymous_2)
FN:11,(anonymous_3)
FNF:4
FNH:3
FNDA:2,useBreakpoints
FNDA:1,(anonymous_1)
FNDA:0,(anonymous_2)
FNDA:1,(anonymous_3)
DA:4,2
DA:5,2
DA:7,2
DA:8,1
DA:9,1
DA:11,1
DA:14,2
LF:7
LH:7
BRF:0
BRH:0
end_of_record
TN:
SF:src/hooks/use-click-outside.jsx
FN:3,useClickOutside
FN:4,(anonymous_1)
FN:5,(anonymous_2)
FN:13,(anonymous_3)
FNF:4
FNH:3
FNDA:6,useClickOutside
FNDA:6,(anonymous_1)
FNDA:0,(anonymous_2)
FNDA:6,(anonymous_3)
DA:4,6
DA:5,6
DA:6,0
DA:7,0
DA:11,6
DA:13,6
DA:14,6
LF:7
LH:5
BRDA:6,0,0,0
BRDA:6,0,1,0
BRF:2
BRH:0
end_of_record
TN:
SF:src/pages/Page404/Page404.jsx
FN:6,Error404Page
FNF:1
FNH:1
FNDA:1,Error404Page
DA:7,1
LF:1
LH:1
BRF:0
BRH:0
end_of_record
TN:
SF:src/pages/Page404/index.js
FNF:0
FNH:0
LF:0
LH:0
BRF:0
BRH:0
end_of_record
